# JRE version: Java(TM) SE Runtime Environment (8.0_101-b13) (build 1.8.0_101-b13)
# Java VM: Java HotSpot(TM) 64-Bit Server VM (25.101-b13 mixed mode linux-amd64 compressed oops)
Heap:
 PSYoungGen      total 17920K, used 8118K [0x00000000ec300000, 0x00000000ed700000, 0x0000000100000000)
  eden space 15360K, 36% used [0x00000000ec300000,0x00000000ec875918,0x00000000ed200000)
  from space 2560K, 98% used [0x00000000ed480000,0x00000000ed6f8020,0x00000000ed700000)
  to   space 2560K, 0% used [0x00000000ed200000,0x00000000ed200000,0x00000000ed480000)
 ParOldGen       total 40960K, used 2718K [0x00000000c4800000, 0x00000000c7000000, 0x00000000ec300000)
  object space 40960K, 6% used [0x00000000c4800000,0x00000000c4aa7a70,0x00000000c7000000)
 Metaspace       used 20548K, capacity 20816K, committed 20864K, reserved 1067008K
  class space    used 2583K, capacity 2669K, committed 2688K, reserved 1048576K
GC Heap History (4 events):
Event: 1,322 GC heap before
{Heap before GC invocations=1 (full 0):
 PSYoungGen      total 17920K, used 15360K [0x00000000ec300000, 0x00000000ed700000, 0x0000000100000000)
  eden space 15360K, 100% used [0x00000000ec300000,0x00000000ed200000,0x00000000ed200000)
  from space 2560K, 0% used [0x00000000ed480000,0x00000000ed480000,0x00000000ed700000)
  to   space 2560K, 0% used [0x00000000ed200000,0x00000000ed200000,0x00000000ed480000)
 ParOldGen       total 40960K, used 0K [0x00000000c4800000, 0x00000000c7000000, 0x00000000ec300000)
  object space 40960K, 0% used [0x00000000c4800000,0x00000000c4800000,0x00000000c7000000)
 Metaspace       used 15227K, capacity 15512K, committed 15744K, reserved 1062912K
  class space    used 1956K, capacity 2063K, committed 2176K, reserved 1048576K
Event: 1,332 GC heap after
Heap after GC invocations=1 (full 0):
 PSYoungGen      total 17920K, used 2560K [0x00000000ec300000, 0x00000000ed700000, 0x0000000100000000)
  eden space 15360K, 0% used [0x00000000ec300000,0x00000000ec300000,0x00000000ed200000)
  from space 2560K, 100% used [0x00000000ed200000,0x00000000ed480000,0x00000000ed480000)
  to   space 2560K, 0% used [0x00000000ed480000,0x00000000ed480000,0x00000000ed700000)
 ParOldGen       total 40960K, used 921K [0x00000000c4800000, 0x00000000c7000000, 0x00000000ec300000)
  object space 40960K, 2% used [0x00000000c4800000,0x00000000c48e6608,0x00000000c7000000)
 Metaspace       used 15227K, capacity 15512K, committed 15744K, reserved 1062912K
  class space    used 1956K, capacity 2063K, committed 2176K, reserved 1048576K
}
Event: 13,421 GC heap before
{Heap before GC invocations=2 (full 0):
 PSYoungGen      total 17920K, used 17920K [0x00000000ec300000, 0x00000000ed700000, 0x0000000100000000)
  eden space 15360K, 100% used [0x00000000ec300000,0x00000000ed200000,0x00000000ed200000)
  from space 2560K, 100% used [0x00000000ed200000,0x00000000ed480000,0x00000000ed480000)
  to   space 2560K, 0% used [0x00000000ed480000,0x00000000ed480000,0x00000000ed700000)
 ParOldGen       total 40960K, used 921K [0x00000000c4800000, 0x00000000c7000000, 0x00000000ec300000)
  object space 40960K, 2% used [0x00000000c4800000,0x00000000c48e6608,0x00000000c7000000)
 Metaspace       used 20054K, capacity 20252K, committed 20608K, reserved 1067008K
  class space    used 2524K, capacity 2575K, committed 2688K, reserved 1048576K
Event: 13,432 GC heap after
Heap after GC invocations=2 (full 0):
 PSYoungGen      total 17920K, used 2528K [0x00000000ec300000, 0x00000000ed700000, 0x0000000100000000)
  eden space 15360K, 0% used [0x00000000ec300000,0x00000000ec300000,0x00000000ed200000)
  from space 2560K, 98% used [0x00000000ed480000,0x00000000ed6f8020,0x00000000ed700000)
  to   space 2560K, 0% used [0x00000000ed200000,0x00000000ed200000,0x00000000ed480000)
 ParOldGen       total 40960K, used 2718K [0x00000000c4800000, 0x00000000c7000000, 0x00000000ec300000)
  object space 40960K, 6% used [0x00000000c4800000,0x00000000c4aa7a70,0x00000000c7000000)
 Metaspace       used 20054K, capacity 20252K, committed 20608K, reserved 1067008K
  class space    used 2524K, capacity 2575K, committed 2688K, reserved 1048576K
}

